Info: Start Nativelink Simulation process
Info: NativeLink has detected VHDL design -- VHDL simulation models will be used

========= EDA Simulation Settings =====================

Sim Mode              :  RTL
Family                :  cyclonev
Quartus root          :  c:/intelfpga/18.1/quartus/bin64/
Quartus sim root      :  c:/intelfpga/18.1/quartus/eda/sim_lib
Simulation Tool       :  questasim
Simulation Language   :  vhdl
Version               :  93
Simulation Mode       :  GUI
Sim Output File       :  
Sim SDF file          :  
Sim dir               :  simulation\modelsim

=======================================================

Info: Starting NativeLink simulation with Questasim software
Sourced NativeLink script c:/intelfpga/18.1/quartus/common/tcl/internal/nativelink/modelsim.tcl
Warning: File moving-average-filter_run_msim_rtl_vhdl.do already exists - backing up current file as moving-average-filter_run_msim_rtl_vhdl.do.bak1
Info: Spawning QuestaSim Simulation software 
Info: NativeLink simulation flow was successful
